CSX program parsed correctly.
Here is its unparsing:
1:	 {
2:	   int a;
3:	   a = 0;
4:	   if ((a == 0))
4:	      {
5:	         a = (a + 1);
6:	         if ((a != 0))
6:	            {
7:	               a = (a + 1);
8:	               if ((a != 0))
8:	                  {
9:	                     a = (a + 1);
10:	                     if ((a == 0))
10:	                        {
11:	                           a = (a + 1);
12:	                           if ((a == 0))
12:	                              {
13:	                                 a = (a + 1);
14:	                                 if ((a == 0))
14:	                                    {
15:	                                       a = (a + 1);
16:	                                       if ((a == 0))
16:	                                          {
17:	                                             a = (a + 1);
18:	                                             if ((a == 0))
18:	                                                {
19:	                                                   a = (a + 1);
20:	                                                   if ((a == 0))
20:	                                                      {
21:	                                                         a = (a + 1);
22:	                                                         if ((a == 0))
22:	                                                            {
23:	                                                               a = (a + 1);
24:	                                                               if ((a == 0))
24:	                                                                  {
25:	                                                                     a = (a + 1);
24:	                                                                  }
22:	                                                            }
20:	                                                      }
18:	                                                }
16:	                                          }
14:	                                    }
12:	                              }
10:	                        }
8:	                  }
6:	            }
36:	         a = (a + 1);
4:	      }
1:	 } EOF


Here is an analysis of identifier declarations and uses for tests/nested.csx:
2:	a(int): 3,4,5(2),6,7(2),8,9(2),10,11(2),12,13(2),14,15(2),16,17(2),18,19(2),20,21(2),22,23(2),24,25(2),36(2)

