CSX program parsed correctly.
Here is its unparsing:
1:	 {
1:	   {
1:	      {
1:	         {
1:	            {
1:	               {
1:	                  {
1:	                     {
1:	                        {
1:	                           {
1:	                              {
1:	                                 {
1:	                                    {
1:	                                       {
1:	                                          {
1:	                                             {
1:	                                                {
1:	                                                   {
1:	                                                      {
1:	                                                         {
1:	                                                            {
1:	                                                               {
1:	                                                                  {
1:	                                                                     {
1:	                                                                        {
1:	                                                                           {
1:	                                                                              {
1:	                                                                                 {
1:	                                                                                    {
1:	                                                                                       {
1:	                                                                                          {
1:	                                                                                             {
1:	                                                                                                {
1:	                                                                                                   {
1:	                                                                                                      {
1:	                                                                                                         {
1:	                                                                                                            {
1:	                                                                                                               {
1:	                                                                                                                  {
1:	                                                                                                                     {
1:	                                                                                                                        {
1:	                                                                                                                           {
1:	                                                                                                                              {
1:	                                                                                                                                 {
1:	                                                                                                                                    {
1:	                                                                                                                                       {
1:	                                                                                                                                          {
1:	                                                                                                                                             {
1:	                                                                                                                                                {
1:	                                                                                                                                                   {
1:	                                                                                                                                                   }
1:	                                                                                                                                                }
1:	                                                                                                                                             }
1:	                                                                                                                                          }
1:	                                                                                                                                       }
1:	                                                                                                                                    }
1:	                                                                                                                                 }
1:	                                                                                                                              }
1:	                                                                                                                           }
1:	                                                                                                                        }
1:	                                                                                                                     }
1:	                                                                                                                  }
1:	                                                                                                               }
1:	                                                                                                            }
1:	                                                                                                         }
1:	                                                                                                      }
1:	                                                                                                   }
1:	                                                                                                }
1:	                                                                                             }
1:	                                                                                          }
1:	                                                                                       }
1:	                                                                                    }
1:	                                                                                 }
1:	                                                                              }
1:	                                                                           }
1:	                                                                        }
1:	                                                                     }
1:	                                                                  }
1:	                                                               }
1:	                                                            }
1:	                                                         }
1:	                                                      }
1:	                                                   }
1:	                                                }
1:	                                             }
1:	                                          }
1:	                                       }
1:	                                    }
1:	                                 }
1:	                              }
1:	                           }
1:	                        }
1:	                     }
1:	                  }
1:	               }
1:	            }
1:	         }
1:	      }
1:	   }
1:	 } EOF


Here is an analysis of identifier declarations and uses for tests/scopes.csx:

